<?xml version="1.0" encoding="UTF-8"?>
<!-- Generated by org.testng.reporters.JUnitReportReporter -->
<testsuite skipped="0" hostname="HQ-LT1FGEAE" name="DynamicJson" tests="2" failures="0" timestamp="2022-06-07T23:56:13 EDT" time="4.136" errors="0">
  <testcase name="myTest" time="3.341" classname="DynamicJson"/>
  <system-out/>
  <testcase name="myTest" time="0.795" classname="DynamicJson"/>
  <system-out/>
</testsuite> <!-- DynamicJson -->
