<?xml version="1.0" encoding="UTF-8"?>
<!-- Generated by org.testng.reporters.JUnitReportReporter -->
<testsuite skipped="0" hostname="HQ-LT1FGEAE" name="com.restapi.sentiment.SentimentTest" tests="2" failures="0" timestamp="2022-06-08T23:30:27 EDT" time="4.884" errors="0">
  <testcase name="myTest" time="4.113" classname="com.restapi.sentiment.SentimentTest"/>
  <system-out/>
  <testcase name="myTest" time="0.771" classname="com.restapi.sentiment.SentimentTest"/>
  <system-out/>
</testsuite> <!-- com.restapi.sentiment.SentimentTest -->
